Using pre-set license
Built from '2020.2/release' branch; Version is '2020.2.4f1 (becced5a802b) revision 12504301'; Using compiler version '192528614'; Build Type 'Release'
OS: 'Windows 10 Enterprise; OS build 18363.476; Version 1909; 64bit' Language: 'en' Physical Memory: 32514 MB
BatchMode: 1, IsHumanControllingUs: 0, StartBugReporterOnCrash: 0, Is64bit: 1, IsPro: 0

 COMMAND LINE ARGUMENTS:
C:\Program Files\Unity\Hub\Editor\2020.2.4f1\Editor\Unity.exe
-adb2
-batchMode
-noUpm
-name
AssetImportWorker0
-projectPath
F:/Unity/Chat/Unity3D-NodeJS-ChatSample-master/Unity3D-NodeJS-ChatSample-master
-logFile
Logs/AssetImportWorker0.log
-srvPort
59368
Successfully changed project path to: F:/Unity/Chat/Unity3D-NodeJS-ChatSample-master/Unity3D-NodeJS-ChatSample-master
F:/Unity/Chat/Unity3D-NodeJS-ChatSample-master/Unity3D-NodeJS-ChatSample-master
Using Asset Import Pipeline V2.
Refreshing native plugins compatible for Editor in 18.60 ms, found 0 plugins.
Preloading 0 native plugins for Editor in 0.00 ms.
Initialize engine version: 2020.2.4f1 (becced5a802b)
[Subsystems] Discovering subsystems at path C:/Program Files/Unity/Hub/Editor/2020.2.4f1/Editor/Data/Resources/UnitySubsystems
[Subsystems] Discovering subsystems at path F:/Unity/Chat/Unity3D-NodeJS-ChatSample-master/Unity3D-NodeJS-ChatSample-master/Assets
GfxDevice: creating device client; threaded=0
Direct3D:
    Version:  Direct3D 11.0 [level 11.1]
    Renderer: Intel(R) UHD Graphics 630 (ID=0x9bc5)
    Vendor:   
    VRAM:     16257 MB
    Driver:   27.20.100.9616
Initialize mono
Mono path[0] = 'C:/Program Files/Unity/Hub/Editor/2020.2.4f1/Editor/Data/Managed'
Mono path[1] = 'C:/Program Files/Unity/Hub/Editor/2020.2.4f1/Editor/Data/MonoBleedingEdge/lib/mono/unityjit'
Mono config path = 'C:/Program Files/Unity/Hub/Editor/2020.2.4f1/Editor/Data/MonoBleedingEdge/etc'
Using monoOptions --debugger-agent=transport=dt_socket,embedding=1,server=y,suspend=n,address=127.0.0.1:56364
Begin MonoManager ReloadAssembly
Registering precompiled unity dll's ...
Register platform support module: C:/Program Files/Unity/Hub/Editor/2020.2.4f1/Editor/Data/PlaybackEngines/WebGLSupport/UnityEditor.WebGL.Extensions.dll
Register platform support module: C:/Program Files/Unity/Hub/Editor/2020.2.4f1/Editor/Data/PlaybackEngines/MacStandaloneSupport/UnityEditor.OSXStandalone.Extensions.dll
Register platform support module: C:/Program Files/Unity/Hub/Editor/2020.2.4f1/Editor/Data/PlaybackEngines/WindowsStandaloneSupport/UnityEditor.WindowsStandalone.Extensions.dll
Register platform support module: C:/Program Files/Unity/Hub/Editor/2020.2.4f1/Editor/Data/PlaybackEngines/LinuxStandaloneSupport/UnityEditor.LinuxStandalone.Extensions.dll
Registered in 0.006634 seconds.
Native extension for LinuxStandalone target not found
Native extension for WindowsStandalone target not found
Native extension for OSXStandalone target not found
Native extension for WebGL target not found
Refreshing native plugins compatible for Editor in 18.55 ms, found 0 plugins.
Preloading 0 native plugins for Editor in 0.00 ms.
Invoked RoslynAnalysisRunner static constructor.
RoslynAnalysisRunner will not be running.
RoslynAnalysisRunner has terminated.
Mono: successfully reloaded assembly
- Completed reload, in  3.084 seconds
Platform modules already initialized, skipping
Registering precompiled user dll's ...
Registered in 0.000456 seconds.
Begin MonoManager ReloadAssembly
Native extension for LinuxStandalone target not found
Native extension for WindowsStandalone target not found
Native extension for OSXStandalone target not found
Native extension for WebGL target not found
Refreshing native plugins compatible for Editor in 0.47 ms, found 0 plugins.
Preloading 0 native plugins for Editor in 0.00 ms.
Invoked RoslynAnalysisRunner static constructor.
RoslynAnalysisRunner will not be running.
RoslynAnalysisRunner has terminated.
Mono: successfully reloaded assembly
- Completed reload, in  0.710 seconds
Platform modules already initialized, skipping
========================================================================
Worker process is ready to serve import requests
Launched and connected shader compiler UnityShaderCompiler.exe after 0.04 seconds
Refreshing native plugins compatible for Editor in 0.18 ms, found 0 plugins.
Preloading 0 native plugins for Editor in 0.00 ms.
Unloading 1115 Unused Serialized files (Serialized files now loaded: 0)
System memory in use before: 57.4 MB.
System memory in use after: 57.5 MB.

Unloading 9 unused Assets to reduce memory usage. Loaded Objects now: 1558.
Total: 1.562200 ms (FindLiveObjects: 0.192700 ms CreateObjectMapping: 0.042600 ms MarkObjects: 1.281200 ms  DeleteObjects: 0.044600 ms)

========================================================================
Received Import Request.
  path: Assets/checklist.png
  artifactKey: Guid(4c91b7faf7f1f0545a7c873319ca1efd) Importer(815301076,1909f56bfc062723c751e8b465ee728b)
Start importing Assets/checklist.png using Guid(4c91b7faf7f1f0545a7c873319ca1efd) Importer(815301076,1909f56bfc062723c751e8b465ee728b)  -> (artifact id: '21c39a14948cb5ad2d6be70462a3d9d6') in 0.078442 seconds
  Import took 0.079895 seconds .

========================================================================
Received Import Request.
  Time since last request: 0.000161 seconds.
  path: Assets/img-element-widget.png
  artifactKey: Guid(d72228ecc176b2644a58be1aa2b932cb) Importer(815301076,1909f56bfc062723c751e8b465ee728b)
Start importing Assets/img-element-widget.png using Guid(d72228ecc176b2644a58be1aa2b932cb) Importer(815301076,1909f56bfc062723c751e8b465ee728b)  -> (artifact id: '007f734c6242c3b96962697f8baf40e7') in 0.004185 seconds
  Import took 0.005493 seconds .

========================================================================
Received Import Request.
  Time since last request: 0.000136 seconds.
  path: Assets/worldMap.png
  artifactKey: Guid(054e27e658497ab4ebb405353210c5ba) Importer(815301076,1909f56bfc062723c751e8b465ee728b)
Start importing Assets/worldMap.png using Guid(054e27e658497ab4ebb405353210c5ba) Importer(815301076,1909f56bfc062723c751e8b465ee728b)  -> (artifact id: '82de896e2c246a0dd62b82252ca4d3d0') in 0.005846 seconds
  Import took 0.007294 seconds .

========================================================================
Received Import Request.
  Time since last request: 0.000191 seconds.
  path: Assets/discount.png
  artifactKey: Guid(7bee1e20d8294994aadbe2d2be269c39) Importer(815301076,1909f56bfc062723c751e8b465ee728b)
Start importing Assets/discount.png using Guid(7bee1e20d8294994aadbe2d2be269c39) Importer(815301076,1909f56bfc062723c751e8b465ee728b)  -> (artifact id: '4a89d21a287e7f4c543217e5a8bcc69b') in 0.007802 seconds
  Import took 0.009412 seconds .

========================================================================
Received Import Request.
  Time since last request: 0.000145 seconds.
  path: Assets/img-element-msg.png
  artifactKey: Guid(4b19f402d1d83d844a6945ac4f9a0f26) Importer(815301076,1909f56bfc062723c751e8b465ee728b)
Start importing Assets/img-element-msg.png using Guid(4b19f402d1d83d844a6945ac4f9a0f26) Importer(815301076,1909f56bfc062723c751e8b465ee728b)  -> (artifact id: 'd43ef7ff80fb658bffe38a8777cf9f48') in 0.008850 seconds
  Import took 0.010518 seconds .

========================================================================
Received Import Request.
  Time since last request: 10.008828 seconds.
  path: Assets/worldMap.png
  artifactKey: Guid(054e27e658497ab4ebb405353210c5ba) Importer(815301076,1909f56bfc062723c751e8b465ee728b)
Start importing Assets/worldMap.png using Guid(054e27e658497ab4ebb405353210c5ba) Importer(815301076,1909f56bfc062723c751e8b465ee728b)  -> (artifact id: '1ce54f19bf388c9dd4ba8dd4c22e7bce') in 0.052643 seconds
  Import took 0.054649 seconds .

========================================================================
Received Import Request.
  Time since last request: 0.000260 seconds.
  path: Assets/checklist.png
  artifactKey: Guid(4c91b7faf7f1f0545a7c873319ca1efd) Importer(815301076,1909f56bfc062723c751e8b465ee728b)
Start importing Assets/checklist.png using Guid(4c91b7faf7f1f0545a7c873319ca1efd) Importer(815301076,1909f56bfc062723c751e8b465ee728b)  -> (artifact id: '3f6fc145b329d115496bd9c132a3d2b9') in 0.013708 seconds
  Import took 0.015383 seconds .

========================================================================
Received Import Request.
  Time since last request: 0.000159 seconds.
  path: Assets/img-element-widget.png
  artifactKey: Guid(d72228ecc176b2644a58be1aa2b932cb) Importer(815301076,1909f56bfc062723c751e8b465ee728b)
Start importing Assets/img-element-widget.png using Guid(d72228ecc176b2644a58be1aa2b932cb) Importer(815301076,1909f56bfc062723c751e8b465ee728b)  -> (artifact id: '271318f70366b65afa62e2de63aa871a') in 0.007034 seconds
  Import took 0.008905 seconds .

========================================================================
Received Import Request.
  Time since last request: 0.000213 seconds.
  path: Assets/discount.png
  artifactKey: Guid(7bee1e20d8294994aadbe2d2be269c39) Importer(815301076,1909f56bfc062723c751e8b465ee728b)
Start importing Assets/discount.png using Guid(7bee1e20d8294994aadbe2d2be269c39) Importer(815301076,1909f56bfc062723c751e8b465ee728b)  -> (artifact id: 'bf03dade6d59ce15c594d9221806dde4') in 0.010827 seconds
  Import took 0.012917 seconds .

========================================================================
Received Import Request.
  Time since last request: 0.000346 seconds.
  path: Assets/img-element-msg.png
  artifactKey: Guid(4b19f402d1d83d844a6945ac4f9a0f26) Importer(815301076,1909f56bfc062723c751e8b465ee728b)
Start importing Assets/img-element-msg.png using Guid(4b19f402d1d83d844a6945ac4f9a0f26) Importer(815301076,1909f56bfc062723c751e8b465ee728b)  -> (artifact id: '74fe91bbe0d5b9a98e1b87414412cc03') in 0.015945 seconds
  Import took 0.018525 seconds .

========================================================================
Received Prepare
Registering precompiled user dll's ...
Registered in 0.000603 seconds.
Begin MonoManager ReloadAssembly
Native extension for LinuxStandalone target not found
Native extension for WindowsStandalone target not found
Native extension for OSXStandalone target not found
Native extension for WebGL target not found
Refreshing native plugins compatible for Editor in 0.24 ms, found 0 plugins.
Preloading 0 native plugins for Editor in 0.00 ms.
Invoked RoslynAnalysisRunner static constructor.
RoslynAnalysisRunner will not be running.
RoslynAnalysisRunner has terminated.
Mono: successfully reloaded assembly
- Completed reload, in  0.698 seconds
Platform modules already initialized, skipping
Refreshing native plugins compatible for Editor in 0.28 ms, found 0 plugins.
Preloading 0 native plugins for Editor in 0.00 ms.
Unloading 1109 Unused Serialized files (Serialized files now loaded: 0)
System memory in use before: 60.3 MB.
System memory in use after: 60.4 MB.

Unloading 4 unused Assets to reduce memory usage. Loaded Objects now: 1577.
Total: 1.206700 ms (FindLiveObjects: 0.118200 ms CreateObjectMapping: 0.031100 ms MarkObjects: 1.046600 ms  DeleteObjects: 0.009900 ms)

========================================================================
Received Prepare
Registering precompiled user dll's ...
Registered in 0.000789 seconds.
Begin MonoManager ReloadAssembly
Native extension for LinuxStandalone target not found
Native extension for WindowsStandalone target not found
Native extension for OSXStandalone target not found
Native extension for WebGL target not found
Refreshing native plugins compatible for Editor in 0.40 ms, found 0 plugins.
Preloading 0 native plugins for Editor in 0.00 ms.
Invoked RoslynAnalysisRunner static constructor.
RoslynAnalysisRunner will not be running.
RoslynAnalysisRunner has terminated.
Mono: successfully reloaded assembly
- Completed reload, in  1.075 seconds
Platform modules already initialized, skipping
Refreshing native plugins compatible for Editor in 0.36 ms, found 0 plugins.
Preloading 0 native plugins for Editor in 0.00 ms.
Unloading 1109 Unused Serialized files (Serialized files now loaded: 0)
System memory in use before: 60.3 MB.
System memory in use after: 60.4 MB.

Unloading 4 unused Assets to reduce memory usage. Loaded Objects now: 1579.
Total: 3.973300 ms (FindLiveObjects: 0.340200 ms CreateObjectMapping: 0.092300 ms MarkObjects: 3.514100 ms  DeleteObjects: 0.022300 ms)

========================================================================
Received Import Request.
  Time since last request: 178.116345 seconds.
  path: Packages/com.unity.collab-proxy/Editor/Assets/Icons/undo-light.png
  artifactKey: Guid(48a8d899ebcc4e84db1a2ffd2bb4e9e8) Importer(815301076,1909f56bfc062723c751e8b465ee728b)
Start importing Packages/com.unity.collab-proxy/Editor/Assets/Icons/undo-light.png using Guid(48a8d899ebcc4e84db1a2ffd2bb4e9e8) Importer(815301076,1909f56bfc062723c751e8b465ee728b)  -> (artifact id: '1ba2d7f2041e31543bfeaf19369784a8') in 0.031544 seconds
  Import took 0.033712 seconds .

========================================================================
Received Import Request.
  Time since last request: 0.000251 seconds.
  path: Packages/com.unity.collab-proxy/Editor/Assets/Icons/undo-light@2x.png
  artifactKey: Guid(497a860dcf38eca4485e2b936e03bef3) Importer(815301076,1909f56bfc062723c751e8b465ee728b)
Start importing Packages/com.unity.collab-proxy/Editor/Assets/Icons/undo-light@2x.png using Guid(497a860dcf38eca4485e2b936e03bef3) Importer(815301076,1909f56bfc062723c751e8b465ee728b)  -> (artifact id: 'c53f834d01360c6a966139aad24c0508') in 0.005087 seconds
  Import took 0.006903 seconds .

========================================================================
Received Prepare
Refreshing native plugins compatible for Editor in 0.55 ms, found 0 plugins.
Preloading 0 native plugins for Editor in 0.00 ms.
Unloading 3 Unused Serialized files (Serialized files now loaded: 0)
System memory in use before: 38.4 MB.
System memory in use after: 38.5 MB.

Unloading 2 unused Assets to reduce memory usage. Loaded Objects now: 1581.
Total: 2.005100 ms (FindLiveObjects: 0.139300 ms CreateObjectMapping: 0.034600 ms MarkObjects: 1.820100 ms  DeleteObjects: 0.009900 ms)

========================================================================
Received Prepare
Registering precompiled user dll's ...
Registered in 0.000750 seconds.
Begin MonoManager ReloadAssembly
Native extension for LinuxStandalone target not found
Native extension for WindowsStandalone target not found
Native extension for OSXStandalone target not found
Native extension for WebGL target not found
Refreshing native plugins compatible for Editor in 0.40 ms, found 0 plugins.
Preloading 0 native plugins for Editor in 0.00 ms.
Invoked RoslynAnalysisRunner static constructor.
RoslynAnalysisRunner will not be running.
RoslynAnalysisRunner has terminated.
Mono: successfully reloaded assembly
- Completed reload, in  1.050 seconds
Platform modules already initialized, skipping
Refreshing native plugins compatible for Editor in 0.29 ms, found 0 plugins.
Preloading 0 native plugins for Editor in 0.00 ms.
Unloading 1109 Unused Serialized files (Serialized files now loaded: 0)
System memory in use before: 60.3 MB.
System memory in use after: 60.4 MB.

Unloading 4 unused Assets to reduce memory usage. Loaded Objects now: 1583.
Total: 2.072500 ms (FindLiveObjects: 0.226300 ms CreateObjectMapping: 0.048900 ms MarkObjects: 1.773200 ms  DeleteObjects: 0.020600 ms)

========================================================================
Received Prepare
Refreshing native plugins compatible for Editor in 0.54 ms, found 0 plugins.
Preloading 0 native plugins for Editor in 0.00 ms.
Unloading 3 Unused Serialized files (Serialized files now loaded: 0)
System memory in use before: 38.3 MB.
System memory in use after: 38.5 MB.

Unloading 2 unused Assets to reduce memory usage. Loaded Objects now: 1583.
Total: 2.082100 ms (FindLiveObjects: 0.124000 ms CreateObjectMapping: 0.033900 ms MarkObjects: 1.912800 ms  DeleteObjects: 0.010500 ms)

========================================================================
Received Prepare
Refreshing native plugins compatible for Editor in 0.50 ms, found 0 plugins.
Preloading 0 native plugins for Editor in 0.00 ms.
Unloading 3 Unused Serialized files (Serialized files now loaded: 0)
System memory in use before: 38.3 MB.
System memory in use after: 38.5 MB.

Unloading 2 unused Assets to reduce memory usage. Loaded Objects now: 1583.
Total: 2.036600 ms (FindLiveObjects: 0.149900 ms CreateObjectMapping: 0.032800 ms MarkObjects: 1.842000 ms  DeleteObjects: 0.010800 ms)

========================================================================
Received Prepare
Refreshing native plugins compatible for Editor in 0.51 ms, found 0 plugins.
Preloading 0 native plugins for Editor in 0.00 ms.
Unloading 3 Unused Serialized files (Serialized files now loaded: 0)
System memory in use before: 38.3 MB.
System memory in use after: 38.5 MB.

Unloading 2 unused Assets to reduce memory usage. Loaded Objects now: 1583.
Total: 1.906400 ms (FindLiveObjects: 0.127600 ms CreateObjectMapping: 0.029900 ms MarkObjects: 1.738300 ms  DeleteObjects: 0.009500 ms)

========================================================================
Received Prepare
Registering precompiled user dll's ...
Registered in 0.000920 seconds.
Begin MonoManager ReloadAssembly
Native extension for LinuxStandalone target not found
Native extension for WindowsStandalone target not found
Native extension for OSXStandalone target not found
Native extension for WebGL target not found
Refreshing native plugins compatible for Editor in 0.29 ms, found 0 plugins.
Preloading 0 native plugins for Editor in 0.00 ms.
Invoked RoslynAnalysisRunner static constructor.
RoslynAnalysisRunner will not be running.
RoslynAnalysisRunner has terminated.
Mono: successfully reloaded assembly
- Completed reload, in  1.058 seconds
Platform modules already initialized, skipping
Refreshing native plugins compatible for Editor in 0.71 ms, found 0 plugins.
Preloading 0 native plugins for Editor in 0.00 ms.
Unloading 1109 Unused Serialized files (Serialized files now loaded: 0)
System memory in use before: 60.3 MB.
System memory in use after: 60.4 MB.

Unloading 4 unused Assets to reduce memory usage. Loaded Objects now: 1585.
Total: 2.406300 ms (FindLiveObjects: 0.213800 ms CreateObjectMapping: 0.058900 ms MarkObjects: 2.099200 ms  DeleteObjects: 0.030700 ms)

========================================================================
Received Prepare
Registering precompiled user dll's ...
Registered in 0.001679 seconds.
Begin MonoManager ReloadAssembly
Native extension for LinuxStandalone target not found
Native extension for WindowsStandalone target not found
Native extension for OSXStandalone target not found
Native extension for WebGL target not found
Refreshing native plugins compatible for Editor in 0.41 ms, found 0 plugins.
Preloading 0 native plugins for Editor in 0.00 ms.
Invoked RoslynAnalysisRunner static constructor.
RoslynAnalysisRunner will not be running.
RoslynAnalysisRunner has terminated.
Mono: successfully reloaded assembly
- Completed reload, in  1.067 seconds
Platform modules already initialized, skipping
Refreshing native plugins compatible for Editor in 0.38 ms, found 0 plugins.
Preloading 0 native plugins for Editor in 0.00 ms.
Unloading 1109 Unused Serialized files (Serialized files now loaded: 0)
System memory in use before: 60.3 MB.
System memory in use after: 60.4 MB.

Unloading 4 unused Assets to reduce memory usage. Loaded Objects now: 1587.
Total: 2.100500 ms (FindLiveObjects: 0.174900 ms CreateObjectMapping: 0.051900 ms MarkObjects: 1.854800 ms  DeleteObjects: 0.017400 ms)

========================================================================
Received Prepare
Registering precompiled user dll's ...
Registered in 0.000973 seconds.
Begin MonoManager ReloadAssembly
Native extension for LinuxStandalone target not found
Native extension for WindowsStandalone target not found
Native extension for OSXStandalone target not found
Native extension for WebGL target not found
Refreshing native plugins compatible for Editor in 0.23 ms, found 0 plugins.
Preloading 0 native plugins for Editor in 0.00 ms.
Invoked RoslynAnalysisRunner static constructor.
RoslynAnalysisRunner will not be running.
RoslynAnalysisRunner has terminated.
Mono: successfully reloaded assembly
- Completed reload, in  0.726 seconds
Platform modules already initialized, skipping
Refreshing native plugins compatible for Editor in 0.18 ms, found 0 plugins.
Preloading 0 native plugins for Editor in 0.00 ms.
Unloading 1109 Unused Serialized files (Serialized files now loaded: 0)
System memory in use before: 60.3 MB.
System memory in use after: 60.4 MB.

Unloading 4 unused Assets to reduce memory usage. Loaded Objects now: 1589.
Total: 2.217100 ms (FindLiveObjects: 0.252700 ms CreateObjectMapping: 0.072400 ms MarkObjects: 1.878500 ms  DeleteObjects: 0.012100 ms)

========================================================================
Received Prepare
Registering precompiled user dll's ...
Registered in 0.000804 seconds.
Begin MonoManager ReloadAssembly
Native extension for LinuxStandalone target not found
Native extension for WindowsStandalone target not found
Native extension for OSXStandalone target not found
Native extension for WebGL target not found
Refreshing native plugins compatible for Editor in 0.71 ms, found 0 plugins.
Preloading 0 native plugins for Editor in 0.00 ms.
Invoked RoslynAnalysisRunner static constructor.
RoslynAnalysisRunner will not be running.
RoslynAnalysisRunner has terminated.
Mono: successfully reloaded assembly
- Completed reload, in  1.062 seconds
Platform modules already initialized, skipping
Refreshing native plugins compatible for Editor in 0.27 ms, found 0 plugins.
Preloading 0 native plugins for Editor in 0.00 ms.
Unloading 1109 Unused Serialized files (Serialized files now loaded: 0)
System memory in use before: 60.3 MB.
System memory in use after: 60.4 MB.

Unloading 4 unused Assets to reduce memory usage. Loaded Objects now: 1591.
Total: 2.484900 ms (FindLiveObjects: 0.309200 ms CreateObjectMapping: 0.126300 ms MarkObjects: 2.023100 ms  DeleteObjects: 0.022800 ms)

========================================================================
Received Prepare
Refreshing native plugins compatible for Editor in 0.54 ms, found 0 plugins.
Preloading 0 native plugins for Editor in 0.00 ms.
Unloading 3 Unused Serialized files (Serialized files now loaded: 0)
System memory in use before: 38.4 MB.
System memory in use after: 38.5 MB.

Unloading 2 unused Assets to reduce memory usage. Loaded Objects now: 1591.
Total: 2.061000 ms (FindLiveObjects: 0.136500 ms CreateObjectMapping: 0.029000 ms MarkObjects: 1.884100 ms  DeleteObjects: 0.010100 ms)

========================================================================
Received Prepare
Registering precompiled user dll's ...
Registered in 0.002267 seconds.
Begin MonoManager ReloadAssembly
Native extension for LinuxStandalone target not found
Native extension for WindowsStandalone target not found
Native extension for OSXStandalone target not found
Native extension for WebGL target not found
Refreshing native plugins compatible for Editor in 0.36 ms, found 0 plugins.
Preloading 0 native plugins for Editor in 0.00 ms.
Invoked RoslynAnalysisRunner static constructor.
RoslynAnalysisRunner will not be running.
RoslynAnalysisRunner has terminated.
Mono: successfully reloaded assembly
- Completed reload, in  1.445 seconds
Platform modules already initialized, skipping
Refreshing native plugins compatible for Editor in 0.37 ms, found 0 plugins.
Preloading 0 native plugins for Editor in 0.00 ms.
Unloading 1109 Unused Serialized files (Serialized files now loaded: 0)
System memory in use before: 60.3 MB.
System memory in use after: 60.4 MB.

Unloading 4 unused Assets to reduce memory usage. Loaded Objects now: 1593.
Total: 2.193300 ms (FindLiveObjects: 0.234900 ms CreateObjectMapping: 0.066300 ms MarkObjects: 1.854400 ms  DeleteObjects: 0.034800 ms)

========================================================================
Received Prepare
Refreshing native plugins compatible for Editor in 0.90 ms, found 0 plugins.
Preloading 0 native plugins for Editor in 0.00 ms.
Unloading 3 Unused Serialized files (Serialized files now loaded: 0)
System memory in use before: 38.4 MB.
System memory in use after: 38.5 MB.

Unloading 2 unused Assets to reduce memory usage. Loaded Objects now: 1593.
Total: 2.196600 ms (FindLiveObjects: 0.151800 ms CreateObjectMapping: 0.044800 ms MarkObjects: 1.983800 ms  DeleteObjects: 0.014700 ms)

========================================================================
Received Prepare
Registering precompiled user dll's ...
Registered in 0.000473 seconds.
Begin MonoManager ReloadAssembly
Native extension for LinuxStandalone target not found
Native extension for WindowsStandalone target not found
Native extension for OSXStandalone target not found
Native extension for WebGL target not found
Refreshing native plugins compatible for Editor in 0.22 ms, found 0 plugins.
Preloading 0 native plugins for Editor in 0.00 ms.
Invoked RoslynAnalysisRunner static constructor.
RoslynAnalysisRunner will not be running.
RoslynAnalysisRunner has terminated.
Mono: successfully reloaded assembly
- Completed reload, in  1.140 seconds
Platform modules already initialized, skipping
Refreshing native plugins compatible for Editor in 0.24 ms, found 0 plugins.
Preloading 0 native plugins for Editor in 0.00 ms.
Unloading 1109 Unused Serialized files (Serialized files now loaded: 0)
System memory in use before: 60.4 MB.
System memory in use after: 60.5 MB.

Unloading 4 unused Assets to reduce memory usage. Loaded Objects now: 1595.
Total: 3.141300 ms (FindLiveObjects: 0.362200 ms CreateObjectMapping: 0.147300 ms MarkObjects: 2.607300 ms  DeleteObjects: 0.022300 ms)

========================================================================
Received Prepare
Refreshing native plugins compatible for Editor in 1.92 ms, found 0 plugins.
Preloading 0 native plugins for Editor in 0.00 ms.
Unloading 3 Unused Serialized files (Serialized files now loaded: 0)
System memory in use before: 38.4 MB.
System memory in use after: 38.5 MB.

Unloading 2 unused Assets to reduce memory usage. Loaded Objects now: 1595.
Total: 1.676200 ms (FindLiveObjects: 0.145400 ms CreateObjectMapping: 0.041000 ms MarkObjects: 1.474500 ms  DeleteObjects: 0.014300 ms)

========================================================================
Received Prepare
Refreshing native plugins compatible for Editor in 0.61 ms, found 0 plugins.
Preloading 0 native plugins for Editor in 0.00 ms.
Unloading 3 Unused Serialized files (Serialized files now loaded: 0)
System memory in use before: 38.4 MB.
System memory in use after: 38.5 MB.

Unloading 2 unused Assets to reduce memory usage. Loaded Objects now: 1595.
Total: 1.636600 ms (FindLiveObjects: 0.186900 ms CreateObjectMapping: 0.036000 ms MarkObjects: 1.398900 ms  DeleteObjects: 0.013700 ms)

========================================================================
Received Prepare
Refreshing native plugins compatible for Editor in 0.58 ms, found 0 plugins.
Preloading 0 native plugins for Editor in 0.00 ms.
Unloading 3 Unused Serialized files (Serialized files now loaded: 0)
System memory in use before: 38.4 MB.
System memory in use after: 38.5 MB.

Unloading 2 unused Assets to reduce memory usage. Loaded Objects now: 1595.
Total: 1.614100 ms (FindLiveObjects: 0.154200 ms CreateObjectMapping: 0.036800 ms MarkObjects: 1.403200 ms  DeleteObjects: 0.019300 ms)

========================================================================
Received Prepare
Refreshing native plugins compatible for Editor in 0.76 ms, found 0 plugins.
Preloading 0 native plugins for Editor in 0.00 ms.
Unloading 3 Unused Serialized files (Serialized files now loaded: 0)
System memory in use before: 38.4 MB.
System memory in use after: 38.5 MB.

Unloading 2 unused Assets to reduce memory usage. Loaded Objects now: 1595.
Total: 1.511900 ms (FindLiveObjects: 0.155100 ms CreateObjectMapping: 0.036100 ms MarkObjects: 1.305800 ms  DeleteObjects: 0.014100 ms)

